<?xml version="1.0" encoding="UTF-8"?>
<!-- Generated by org.testng.reporters.JUnitReportReporter -->
<testsuite skipped="0" hostname="Govardhan-PC" name="Model.PageObject.HomePageTestScripts" tests="1" failures="0" timestamp="23 Sep 2019 02:25:40 GMT" time="0.019" errors="0">
  <testcase name="test1" time="0.019" classname="Model.PageObject.HomePageTestScripts"/>
</testsuite> <!-- Model.PageObject.HomePageTestScripts -->
