<?xml version="1.0" encoding="UTF-8"?>
<!-- Generated by org.testng.reporters.JUnitReportReporter -->
<testsuite skipped="0" hostname="Govardhan-PC" name="Model.PageObject.SimpleA" tests="2" failures="0" timestamp="29 Sep 2019 04:36:25 GMT" time="0.025" errors="0">
  <testcase name="simpletest" time="0.005" classname="Model.PageObject.SimpleA"/>
  <testcase name="simpletest" time="0.020" classname="Model.PageObject.SimpleA"/>
</testsuite> <!-- Model.PageObject.SimpleA -->
